{"C:\\Users\\ismai\\OneDrive\\Bureau\\reservations\\frontend\\src\\App.tsx": {"path":"C:\\Users\\ismai\\OneDrive\\Bureau\\reservations\\frontend\\src\\App.tsx","statementMap":{"0":{"start":{"line":10,"column":14},"end":{"line":250,"column":2}},"1":{"start":{"line":253,"column":2},"end":{"line":267,"column":4}}},"fnMap":{"0":{"name":"App","decl":{"start":{"line":252,"column":9},"end":{"line":252,"column":12}},"loc":{"start":{"line":252,"column":15},"end":{"line":268,"column":1}},"line":252}},"branchMap":{},"s":{"0":1,"1":1},"f":{"0":1},"b":{},"_coverageSchema":"1a1c01bbd47fc00a2c39e90264f33305004495a9","hash":"d9a8e1798c19afed4b672c00c4d2ad0d372dfdf8"}
,"C:\\Users\\ismai\\OneDrive\\Bureau\\reservations\\frontend\\src\\api\\reservationService.ts": {"path":"C:\\Users\\ismai\\OneDrive\\Bureau\\reservations\\frontend\\src\\api\\reservationService.ts","statementMap":{"0":{"start":{"line":7,"column":2},"end":{"line":9,"column":3}},"1":{"start":{"line":8,"column":4},"end":{"line":8,"column":67}},"2":{"start":{"line":12,"column":18},"end":{"line":12,"column":56}},"3":{"start":{"line":13,"column":2},"end":{"line":15,"column":3}},"4":{"start":{"line":14,"column":4},"end":{"line":14,"column":32}},"5":{"start":{"line":17,"column":2},"end":{"line":17,"column":37}},"6":{"start":{"line":20,"column":16},"end":{"line":20,"column":27}},"7":{"start":{"line":23,"column":12},"end":{"line":28,"column":2}},"8":{"start":{"line":31,"column":0},"end":{"line":40,"column":2}},"9":{"start":{"line":33,"column":4},"end":{"line":33,"column":74}},"10":{"start":{"line":34,"column":4},"end":{"line":34,"column":18}},"11":{"start":{"line":37,"column":4},"end":{"line":37,"column":47}},"12":{"start":{"line":38,"column":4},"end":{"line":38,"column":33}},"13":{"start":{"line":43,"column":0},"end":{"line":59,"column":2}},"14":{"start":{"line":45,"column":4},"end":{"line":45,"column":65}},"15":{"start":{"line":46,"column":4},"end":{"line":46,"column":20}},"16":{"start":{"line":49,"column":4},"end":{"line":49,"column":104}},"17":{"start":{"line":50,"column":4},"end":{"line":56,"column":5}},"18":{"start":{"line":51,"column":6},"end":{"line":51,"column":47}},"19":{"start":{"line":52,"column":11},"end":{"line":56,"column":5}},"20":{"start":{"line":53,"column":6},"end":{"line":53,"column":63}},"21":{"start":{"line":54,"column":11},"end":{"line":56,"column":5}},"22":{"start":{"line":55,"column":6},"end":{"line":55,"column":92}},"23":{"start":{"line":57,"column":4},"end":{"line":57,"column":16}},"24":{"start":{"line":61,"column":31},"end":{"line":64,"column":1}},"25":{"start":{"line":62,"column":19},"end":{"line":62,"column":50}},"26":{"start":{"line":63,"column":2},"end":{"line":63,"column":23}},"27":{"start":{"line":66,"column":30},"end":{"line":69,"column":1}},"28":{"start":{"line":67,"column":19},"end":{"line":67,"column":56}},"29":{"start":{"line":68,"column":2},"end":{"line":68,"column":23}},"30":{"start":{"line":71,"column":33},"end":{"line":74,"column":1}},"31":{"start":{"line":72,"column":19},"end":{"line":72,"column":68}},"32":{"start":{"line":73,"column":2},"end":{"line":73,"column":23}},"33":{"start":{"line":76,"column":33},"end":{"line":79,"column":1}},"34":{"start":{"line":77,"column":19},"end":{"line":77,"column":73}},"35":{"start":{"line":78,"column":2},"end":{"line":78,"column":23}},"36":{"start":{"line":81,"column":33},"end":{"line":83,"column":1}},"37":{"start":{"line":82,"column":2},"end":{"line":82,"column":43}}},"fnMap":{"0":{"name":"getApiUrl","decl":{"start":{"line":5,"column":9},"end":{"line":5,"column":18}},"loc":{"start":{"line":5,"column":21},"end":{"line":18,"column":1}},"line":5},"1":{"name":"(anonymous_1)","decl":{"start":{"line":32,"column":2},"end":{"line":32,"column":3}},"loc":{"start":{"line":32,"column":14},"end":{"line":35,"column":3}},"line":32},"2":{"name":"(anonymous_2)","decl":{"start":{"line":36,"column":2},"end":{"line":36,"column":3}},"loc":{"start":{"line":36,"column":13},"end":{"line":39,"column":3}},"line":36},"3":{"name":"(anonymous_3)","decl":{"start":{"line":44,"column":2},"end":{"line":44,"column":3}},"loc":{"start":{"line":44,"column":16},"end":{"line":47,"column":3}},"line":44},"4":{"name":"(anonymous_4)","decl":{"start":{"line":48,"column":2},"end":{"line":48,"column":3}},"loc":{"start":{"line":48,"column":13},"end":{"line":58,"column":3}},"line":48},"5":{"name":"(anonymous_5)","decl":{"start":{"line":61,"column":31},"end":{"line":61,"column":32}},"loc":{"start":{"line":61,"column":67},"end":{"line":64,"column":1}},"line":61},"6":{"name":"(anonymous_6)","decl":{"start":{"line":66,"column":30},"end":{"line":66,"column":31}},"loc":{"start":{"line":66,"column":74},"end":{"line":69,"column":1}},"line":66},"7":{"name":"(anonymous_7)","decl":{"start":{"line":71,"column":33},"end":{"line":71,"column":34}},"loc":{"start":{"line":71,"column":103},"end":{"line":74,"column":1}},"line":71},"8":{"name":"(anonymous_8)","decl":{"start":{"line":76,"column":33},"end":{"line":76,"column":34}},"loc":{"start":{"line":76,"column":115},"end":{"line":79,"column":1}},"line":76},"9":{"name":"(anonymous_9)","decl":{"start":{"line":81,"column":33},"end":{"line":81,"column":34}},"loc":{"start":{"line":81,"column":70},"end":{"line":83,"column":1}},"line":81}},"branchMap":{"0":{"loc":{"start":{"line":7,"column":2},"end":{"line":9,"column":3}},"type":"if","locations":[{"start":{"line":7,"column":2},"end":{"line":9,"column":3}},{"start":{},"end":{}}],"line":7},"1":{"loc":{"start":{"line":7,"column":6},"end":{"line":7,"column":71}},"type":"binary-expr","locations":[{"start":{"line":7,"column":6},"end":{"line":7,"column":36}},{"start":{"line":7,"column":40},"end":{"line":7,"column":71}}],"line":7},"2":{"loc":{"start":{"line":8,"column":11},"end":{"line":8,"column":66}},"type":"binary-expr","locations":[{"start":{"line":8,"column":11},"end":{"line":8,"column":35}},{"start":{"line":8,"column":39},"end":{"line":8,"column":66}}],"line":8},"3":{"loc":{"start":{"line":13,"column":2},"end":{"line":15,"column":3}},"type":"if","locations":[{"start":{"line":13,"column":2},"end":{"line":15,"column":3}},{"start":{},"end":{}}],"line":13},"4":{"loc":{"start":{"line":49,"column":65},"end":{"line":49,"column":102}},"type":"binary-expr","locations":[{"start":{"line":49,"column":65},"end":{"line":49,"column":85}},{"start":{"line":49,"column":89},"end":{"line":49,"column":102}}],"line":49},"5":{"loc":{"start":{"line":50,"column":4},"end":{"line":56,"column":5}},"type":"if","locations":[{"start":{"line":50,"column":4},"end":{"line":56,"column":5}},{"start":{"line":52,"column":11},"end":{"line":56,"column":5}}],"line":50},"6":{"loc":{"start":{"line":52,"column":11},"end":{"line":56,"column":5}},"type":"if","locations":[{"start":{"line":52,"column":11},"end":{"line":56,"column":5}},{"start":{"line":54,"column":11},"end":{"line":56,"column":5}}],"line":52},"7":{"loc":{"start":{"line":54,"column":11},"end":{"line":56,"column":5}},"type":"if","locations":[{"start":{"line":54,"column":11},"end":{"line":56,"column":5}},{"start":{},"end":{}}],"line":54},"8":{"loc":{"start":{"line":54,"column":15},"end":{"line":54,"column":76}},"type":"binary-expr","locations":[{"start":{"line":54,"column":15},"end":{"line":54,"column":44}},{"start":{"line":54,"column":48},"end":{"line":54,"column":76}}],"line":54}},"s":{"0":1,"1":1,"2":0,"3":0,"4":0,"5":0,"6":1,"7":1,"8":1,"9":0,"10":0,"11":0,"12":0,"13":1,"14":0,"15":0,"16":0,"17":0,"18":0,"19":0,"20":0,"21":0,"22":0,"23":0,"24":1,"25":1,"26":1,"27":1,"28":0,"29":0,"30":1,"31":1,"32":1,"33":1,"34":0,"35":0,"36":1,"37":0},"f":{"0":1,"1":0,"2":0,"3":0,"4":0,"5":1,"6":0,"7":1,"8":0,"9":0},"b":{"0":[1,0],"1":[1,1],"2":[1,0],"3":[0,0],"4":[0,0],"5":[0,0],"6":[0,0],"7":[0,0],"8":[0,0]},"_coverageSchema":"1a1c01bbd47fc00a2c39e90264f33305004495a9","hash":"935331e8cce6a034160092d3191a7ef6aa67360b"}
,"C:\\Users\\ismai\\OneDrive\\Bureau\\reservations\\frontend\\src\\components\\HomePage.tsx": {"path":"C:\\Users\\ismai\\OneDrive\\Bureau\\reservations\\frontend\\src\\components\\HomePage.tsx","statementMap":{"0":{"start":{"line":24,"column":27},"end":{"line":385,"column":1}},"1":{"start":{"line":25,"column":2},"end":{"line":384,"column":4}}},"fnMap":{"0":{"name":"(anonymous_0)","decl":{"start":{"line":24,"column":27},"end":{"line":24,"column":28}},"loc":{"start":{"line":24,"column":33},"end":{"line":385,"column":1}},"line":24}},"branchMap":{},"s":{"0":2,"1":5},"f":{"0":5},"b":{},"_coverageSchema":"1a1c01bbd47fc00a2c39e90264f33305004495a9","hash":"d4277be142844ec1eac9e46a6a1dbf2fdcd32c93"}
,"C:\\Users\\ismai\\OneDrive\\Bureau\\reservations\\frontend\\src\\components\\Layout.tsx": {"path":"C:\\Users\\ismai\\OneDrive\\Bureau\\reservations\\frontend\\src\\components\\Layout.tsx","statementMap":{"0":{"start":{"line":22,"column":23},"end":{"line":22,"column":28}},"1":{"start":{"line":23,"column":18},"end":{"line":23,"column":36}},"2":{"start":{"line":25,"column":2},"end":{"line":29,"column":4}},"3":{"start":{"line":32,"column":25},"end":{"line":176,"column":1}},"4":{"start":{"line":33,"column":2},"end":{"line":175,"column":4}}},"fnMap":{"0":{"name":"HideOnScroll","decl":{"start":{"line":21,"column":9},"end":{"line":21,"column":21}},"loc":{"start":{"line":21,"column":36},"end":{"line":30,"column":1}},"line":21},"1":{"name":"(anonymous_1)","decl":{"start":{"line":32,"column":25},"end":{"line":32,"column":26}},"loc":{"start":{"line":32,"column":31},"end":{"line":176,"column":1}},"line":32}},"branchMap":{},"s":{"0":3,"1":3,"2":3,"3":2,"4":3},"f":{"0":3,"1":3},"b":{},"_coverageSchema":"1a1c01bbd47fc00a2c39e90264f33305004495a9","hash":"b1be505f47810766cfd347fa60b1417f9a5aa28f"}
,"C:\\Users\\ismai\\OneDrive\\Bureau\\reservations\\frontend\\src\\components\\ReservationForm.tsx": {"path":"C:\\Users\\ismai\\OneDrive\\Bureau\\reservations\\frontend\\src\\components\\ReservationForm.tsx","statementMap":{"0":{"start":{"line":22,"column":34},"end":{"line":413,"column":1}},"1":{"start":{"line":23,"column":17},"end":{"line":23,"column":44}},"2":{"start":{"line":24,"column":19},"end":{"line":24,"column":32}},"3":{"start":{"line":25,"column":21},"end":{"line":25,"column":25}},"4":{"start":{"line":26,"column":34},"end":{"line":33,"column":4}},"5":{"start":{"line":35,"column":36},"end":{"line":35,"column":51}},"6":{"start":{"line":36,"column":28},"end":{"line":36,"column":57}},"7":{"start":{"line":37,"column":46},"end":{"line":37,"column":75}},"8":{"start":{"line":38,"column":38},"end":{"line":38,"column":80}},"9":{"start":{"line":40,"column":23},"end":{"line":58,"column":3}},"10":{"start":{"line":41,"column":49},"end":{"line":41,"column":51}},"11":{"start":{"line":43,"column":4},"end":{"line":43,"column":64}},"12":{"start":{"line":43,"column":31},"end":{"line":43,"column":64}},"13":{"start":{"line":44,"column":4},"end":{"line":45,"column":85}},"14":{"start":{"line":44,"column":32},"end":{"line":44,"column":67}},"15":{"start":{"line":45,"column":9},"end":{"line":45,"column":85}},"16":{"start":{"line":45,"column":51},"end":{"line":45,"column":85}},"17":{"start":{"line":46,"column":4},"end":{"line":46,"column":67}},"18":{"start":{"line":46,"column":32},"end":{"line":46,"column":67}},"19":{"start":{"line":47,"column":4},"end":{"line":53,"column":5}},"20":{"start":{"line":47,"column":24},"end":{"line":47,"column":57}},"21":{"start":{"line":49,"column":27},"end":{"line":49,"column":50}},"22":{"start":{"line":50,"column":20},"end":{"line":50,"column":30}},"23":{"start":{"line":51,"column":6},"end":{"line":51,"column":33}},"24":{"start":{"line":52,"column":6},"end":{"line":52,"column":75}},"25":{"start":{"line":52,"column":32},"end":{"line":52,"column":75}},"26":{"start":{"line":54,"column":4},"end":{"line":54,"column":57}},"27":{"start":{"line":54,"column":24},"end":{"line":54,"column":57}},"28":{"start":{"line":56,"column":4},"end":{"line":56,"column":26}},"29":{"start":{"line":57,"column":4},"end":{"line":57,"column":44}},"30":{"start":{"line":60,"column":2},"end":{"line":75,"column":23}},"31":{"start":{"line":61,"column":4},"end":{"line":74,"column":5}},"32":{"start":{"line":62,"column":31},"end":{"line":72,"column":7}},"33":{"start":{"line":63,"column":8},"end":{"line":71,"column":9}},"34":{"start":{"line":64,"column":10},"end":{"line":64,"column":29}},"35":{"start":{"line":65,"column":23},"end":{"line":65,"column":58}},"36":{"start":{"line":66,"column":10},"end":{"line":66,"column":28}},"37":{"start":{"line":67,"column":10},"end":{"line":67,"column":30}},"38":{"start":{"line":69,"column":10},"end":{"line":69,"column":50}},"39":{"start":{"line":70,"column":10},"end":{"line":70,"column":30}},"40":{"start":{"line":73,"column":6},"end":{"line":73,"column":25}},"41":{"start":{"line":76,"column":23},"end":{"line":84,"column":3}},"42":{"start":{"line":77,"column":28},"end":{"line":77,"column":36}},"43":{"start":{"line":78,"column":4},"end":{"line":78,"column":54}},"44":{"start":{"line":78,"column":25},"end":{"line":78,"column":51}},"45":{"start":{"line":81,"column":4},"end":{"line":83,"column":5}},"46":{"start":{"line":82,"column":6},"end":{"line":82,"column":62}},"47":{"start":{"line":82,"column":29},"end":{"line":82,"column":59}},"48":{"start":{"line":86,"column":23},"end":{"line":114,"column":3}},"49":{"start":{"line":87,"column":4},"end":{"line":87,"column":23}},"50":{"start":{"line":89,"column":4},"end":{"line":91,"column":5}},"51":{"start":{"line":90,"column":6},"end":{"line":90,"column":13}},"52":{"start":{"line":93,"column":4},"end":{"line":93,"column":23}},"53":{"start":{"line":94,"column":4},"end":{"line":94,"column":19}},"54":{"start":{"line":96,"column":4},"end":{"line":113,"column":5}},"55":{"start":{"line":97,"column":6},"end":{"line":103,"column":7}},"56":{"start":{"line":98,"column":8},"end":{"line":98,"column":57}},"57":{"start":{"line":99,"column":8},"end":{"line":99,"column":63}},"58":{"start":{"line":101,"column":8},"end":{"line":101,"column":42}},"59":{"start":{"line":102,"column":8},"end":{"line":102,"column":63}},"60":{"start":{"line":106,"column":6},"end":{"line":108,"column":15}},"61":{"start":{"line":107,"column":8},"end":{"line":107,"column":34}},"62":{"start":{"line":110,"column":6},"end":{"line":110,"column":93}},"63":{"start":{"line":112,"column":6},"end":{"line":112,"column":26}},"64":{"start":{"line":115,"column":2},"end":{"line":412,"column":4}},"65":{"start":{"line":122,"column":29},"end":{"line":122,"column":54}},"66":{"start":{"line":335,"column":39},"end":{"line":335,"column":64}},"67":{"start":{"line":383,"column":23},"end":{"line":383,"column":37}},"68":{"start":{"line":389,"column":25},"end":{"line":389,"column":39}},"69":{"start":{"line":399,"column":23},"end":{"line":399,"column":46}},"70":{"start":{"line":405,"column":25},"end":{"line":405,"column":48}}},"fnMap":{"0":{"name":"(anonymous_0)","decl":{"start":{"line":22,"column":34},"end":{"line":22,"column":35}},"loc":{"start":{"line":22,"column":40},"end":{"line":413,"column":1}},"line":22},"1":{"name":"(anonymous_1)","decl":{"start":{"line":40,"column":23},"end":{"line":40,"column":24}},"loc":{"start":{"line":40,"column":38},"end":{"line":58,"column":3}},"line":40},"2":{"name":"(anonymous_2)","decl":{"start":{"line":60,"column":12},"end":{"line":60,"column":13}},"loc":{"start":{"line":60,"column":18},"end":{"line":75,"column":3}},"line":60},"3":{"name":"(anonymous_3)","decl":{"start":{"line":62,"column":31},"end":{"line":62,"column":32}},"loc":{"start":{"line":62,"column":43},"end":{"line":72,"column":7}},"line":62},"4":{"name":"(anonymous_4)","decl":{"start":{"line":76,"column":23},"end":{"line":76,"column":24}},"loc":{"start":{"line":76,"column":67},"end":{"line":84,"column":3}},"line":76},"5":{"name":"(anonymous_5)","decl":{"start":{"line":78,"column":16},"end":{"line":78,"column":17}},"loc":{"start":{"line":78,"column":25},"end":{"line":78,"column":51}},"line":78},"6":{"name":"(anonymous_6)","decl":{"start":{"line":82,"column":20},"end":{"line":82,"column":21}},"loc":{"start":{"line":82,"column":29},"end":{"line":82,"column":59}},"line":82},"7":{"name":"(anonymous_7)","decl":{"start":{"line":86,"column":23},"end":{"line":86,"column":24}},"loc":{"start":{"line":86,"column":53},"end":{"line":114,"column":3}},"line":86},"8":{"name":"(anonymous_8)","decl":{"start":{"line":106,"column":17},"end":{"line":106,"column":18}},"loc":{"start":{"line":106,"column":23},"end":{"line":108,"column":7}},"line":106},"9":{"name":"(anonymous_9)","decl":{"start":{"line":122,"column":23},"end":{"line":122,"column":24}},"loc":{"start":{"line":122,"column":29},"end":{"line":122,"column":54}},"line":122},"10":{"name":"(anonymous_10)","decl":{"start":{"line":335,"column":33},"end":{"line":335,"column":34}},"loc":{"start":{"line":335,"column":39},"end":{"line":335,"column":64}},"line":335},"11":{"name":"(anonymous_11)","decl":{"start":{"line":383,"column":17},"end":{"line":383,"column":18}},"loc":{"start":{"line":383,"column":23},"end":{"line":383,"column":37}},"line":383},"12":{"name":"(anonymous_12)","decl":{"start":{"line":389,"column":19},"end":{"line":389,"column":20}},"loc":{"start":{"line":389,"column":25},"end":{"line":389,"column":39}},"line":389},"13":{"name":"(anonymous_13)","decl":{"start":{"line":399,"column":17},"end":{"line":399,"column":18}},"loc":{"start":{"line":399,"column":23},"end":{"line":399,"column":46}},"line":399},"14":{"name":"(anonymous_14)","decl":{"start":{"line":405,"column":19},"end":{"line":405,"column":20}},"loc":{"start":{"line":405,"column":25},"end":{"line":405,"column":48}},"line":405}},"branchMap":{"0":{"loc":{"start":{"line":43,"column":4},"end":{"line":43,"column":64}},"type":"if","locations":[{"start":{"line":43,"column":4},"end":{"line":43,"column":64}},{"start":{},"end":{}}],"line":43},"1":{"loc":{"start":{"line":44,"column":4},"end":{"line":45,"column":85}},"type":"if","locations":[{"start":{"line":44,"column":4},"end":{"line":45,"column":85}},{"start":{"line":45,"column":9},"end":{"line":45,"column":85}}],"line":44},"2":{"loc":{"start":{"line":45,"column":9},"end":{"line":45,"column":85}},"type":"if","locations":[{"start":{"line":45,"column":9},"end":{"line":45,"column":85}},{"start":{},"end":{}}],"line":45},"3":{"loc":{"start":{"line":46,"column":4},"end":{"line":46,"column":67}},"type":"if","locations":[{"start":{"line":46,"column":4},"end":{"line":46,"column":67}},{"start":{},"end":{}}],"line":46},"4":{"loc":{"start":{"line":47,"column":4},"end":{"line":53,"column":5}},"type":"if","locations":[{"start":{"line":47,"column":4},"end":{"line":53,"column":5}},{"start":{"line":48,"column":9},"end":{"line":53,"column":5}}],"line":47},"5":{"loc":{"start":{"line":52,"column":6},"end":{"line":52,"column":75}},"type":"if","locations":[{"start":{"line":52,"column":6},"end":{"line":52,"column":75}},{"start":{},"end":{}}],"line":52},"6":{"loc":{"start":{"line":54,"column":4},"end":{"line":54,"column":57}},"type":"if","locations":[{"start":{"line":54,"column":4},"end":{"line":54,"column":57}},{"start":{},"end":{}}],"line":54},"7":{"loc":{"start":{"line":61,"column":4},"end":{"line":74,"column":5}},"type":"if","locations":[{"start":{"line":61,"column":4},"end":{"line":74,"column":5}},{"start":{},"end":{}}],"line":61},"8":{"loc":{"start":{"line":81,"column":4},"end":{"line":83,"column":5}},"type":"if","locations":[{"start":{"line":81,"column":4},"end":{"line":83,"column":5}},{"start":{},"end":{}}],"line":81},"9":{"loc":{"start":{"line":89,"column":4},"end":{"line":91,"column":5}},"type":"if","locations":[{"start":{"line":89,"column":4},"end":{"line":91,"column":5}},{"start":{},"end":{}}],"line":89},"10":{"loc":{"start":{"line":97,"column":6},"end":{"line":103,"column":7}},"type":"if","locations":[{"start":{"line":97,"column":6},"end":{"line":103,"column":7}},{"start":{"line":100,"column":13},"end":{"line":103,"column":7}}],"line":97},"11":{"loc":{"start":{"line":110,"column":15},"end":{"line":110,"column":91}},"type":"cond-expr","locations":[{"start":{"line":110,"column":28},"end":{"line":110,"column":58}},{"start":{"line":110,"column":61},"end":{"line":110,"column":91}}],"line":110},"12":{"loc":{"start":{"line":144,"column":15},"end":{"line":144,"column":66}},"type":"cond-expr","locations":[{"start":{"line":144,"column":28},"end":{"line":144,"column":46}},{"start":{"line":144,"column":49},"end":{"line":144,"column":66}}],"line":144},"13":{"loc":{"start":{"line":146,"column":13},"end":{"line":146,"column":96}},"type":"cond-expr","locations":[{"start":{"line":146,"column":26},"end":{"line":146,"column":60}},{"start":{"line":146,"column":63},"end":{"line":146,"column":96}}],"line":146},"14":{"loc":{"start":{"line":354,"column":26},"end":{"line":354,"column":95}},"type":"cond-expr","locations":[{"start":{"line":354,"column":38},"end":{"line":354,"column":84}},{"start":{"line":354,"column":87},"end":{"line":354,"column":95}}],"line":354},"15":{"loc":{"start":{"line":369,"column":25},"end":{"line":369,"column":81}},"type":"cond-expr","locations":[{"start":{"line":369,"column":38},"end":{"line":369,"column":58}},{"start":{"line":369,"column":61},"end":{"line":369,"column":81}}],"line":369}},"s":{"0":2,"1":3,"2":3,"3":3,"4":3,"5":3,"6":3,"7":3,"8":3,"9":3,"10":0,"11":0,"12":0,"13":0,"14":0,"15":0,"16":0,"17":0,"18":0,"19":0,"20":0,"21":0,"22":0,"23":0,"24":0,"25":0,"26":0,"27":0,"28":0,"29":0,"30":3,"31":3,"32":0,"33":0,"34":0,"35":0,"36":0,"37":0,"38":0,"39":0,"40":0,"41":3,"42":0,"43":0,"44":0,"45":0,"46":0,"47":0,"48":3,"49":0,"50":0,"51":0,"52":0,"53":0,"54":0,"55":0,"56":0,"57":0,"58":0,"59":0,"60":0,"61":0,"62":0,"63":0,"64":3,"65":0,"66":0,"67":0,"68":0,"69":0,"70":0},"f":{"0":3,"1":0,"2":3,"3":0,"4":0,"5":0,"6":0,"7":0,"8":0,"9":0,"10":0,"11":0,"12":0,"13":0,"14":0},"b":{"0":[0,0],"1":[0,0],"2":[0,0],"3":[0,0],"4":[0,0],"5":[0,0],"6":[0,0],"7":[0,3],"8":[0,0],"9":[0,0],"10":[0,0],"11":[0,0],"12":[0,3],"13":[0,3],"14":[0,3],"15":[0,3]},"_coverageSchema":"1a1c01bbd47fc00a2c39e90264f33305004495a9","hash":"cdc7628c88bafd8dbcd8789cc888d60927f597c0"}
,"C:\\Users\\ismai\\OneDrive\\Bureau\\reservations\\frontend\\src\\components\\ReservationsList.tsx": {"path":"C:\\Users\\ismai\\OneDrive\\Bureau\\reservations\\frontend\\src\\components\\ReservationsList.tsx","statementMap":{"0":{"start":{"line":24,"column":35},"end":{"line":217,"column":1}},"1":{"start":{"line":25,"column":42},"end":{"line":25,"column":69}},"2":{"start":{"line":26,"column":32},"end":{"line":26,"column":46}},"3":{"start":{"line":27,"column":28},"end":{"line":27,"column":57}},"4":{"start":{"line":28,"column":50},"end":{"line":28,"column":65}},"5":{"start":{"line":29,"column":56},"end":{"line":29,"column":85}},"6":{"start":{"line":31,"column":2},"end":{"line":33,"column":9}},"7":{"start":{"line":32,"column":4},"end":{"line":32,"column":24}},"8":{"start":{"line":35,"column":28},"end":{"line":47,"column":3}},"9":{"start":{"line":36,"column":4},"end":{"line":46,"column":5}},"10":{"start":{"line":37,"column":6},"end":{"line":37,"column":23}},"11":{"start":{"line":38,"column":19},"end":{"line":38,"column":42}},"12":{"start":{"line":39,"column":6},"end":{"line":39,"column":28}},"13":{"start":{"line":40,"column":6},"end":{"line":40,"column":21}},"14":{"start":{"line":42,"column":6},"end":{"line":42,"column":89}},"15":{"start":{"line":43,"column":6},"end":{"line":43,"column":57}},"16":{"start":{"line":45,"column":6},"end":{"line":45,"column":24}},"17":{"start":{"line":49,"column":28},"end":{"line":52,"column":3}},"18":{"start":{"line":50,"column":4},"end":{"line":50,"column":31}},"19":{"start":{"line":51,"column":4},"end":{"line":51,"column":30}},"20":{"start":{"line":54,"column":30},"end":{"line":66,"column":3}},"21":{"start":{"line":55,"column":4},"end":{"line":65,"column":5}},"22":{"start":{"line":56,"column":6},"end":{"line":64,"column":7}},"23":{"start":{"line":57,"column":8},"end":{"line":57,"column":53}},"24":{"start":{"line":58,"column":8},"end":{"line":58,"column":80}},"25":{"start":{"line":58,"column":49},"end":{"line":58,"column":77}},"26":{"start":{"line":59,"column":8},"end":{"line":59,"column":35}},"27":{"start":{"line":60,"column":8},"end":{"line":60,"column":37}},"28":{"start":{"line":62,"column":8},"end":{"line":62,"column":49}},"29":{"start":{"line":63,"column":8},"end":{"line":63,"column":58}},"30":{"start":{"line":68,"column":29},"end":{"line":71,"column":3}},"31":{"start":{"line":69,"column":4},"end":{"line":69,"column":31}},"32":{"start":{"line":70,"column":4},"end":{"line":70,"column":33}},"33":{"start":{"line":73,"column":21},"end":{"line":75,"column":3}},"34":{"start":{"line":74,"column":4},"end":{"line":74,"column":53}},"35":{"start":{"line":77,"column":21},"end":{"line":82,"column":3}},"36":{"start":{"line":78,"column":4},"end":{"line":81,"column":7}},"37":{"start":{"line":84,"column":2},"end":{"line":90,"column":3}},"38":{"start":{"line":85,"column":4},"end":{"line":89,"column":6}},"39":{"start":{"line":92,"column":2},"end":{"line":216,"column":4}},"40":{"start":{"line":133,"column":12},"end":{"line":188,"column":19}},"41":{"start":{"line":151,"column":39},"end":{"line":151,"column":73}}},"fnMap":{"0":{"name":"(anonymous_0)","decl":{"start":{"line":24,"column":35},"end":{"line":24,"column":36}},"loc":{"start":{"line":24,"column":41},"end":{"line":217,"column":1}},"line":24},"1":{"name":"(anonymous_1)","decl":{"start":{"line":31,"column":12},"end":{"line":31,"column":13}},"loc":{"start":{"line":31,"column":18},"end":{"line":33,"column":3}},"line":31},"2":{"name":"(anonymous_2)","decl":{"start":{"line":35,"column":28},"end":{"line":35,"column":29}},"loc":{"start":{"line":35,"column":40},"end":{"line":47,"column":3}},"line":35},"3":{"name":"(anonymous_3)","decl":{"start":{"line":49,"column":28},"end":{"line":49,"column":29}},"loc":{"start":{"line":49,"column":44},"end":{"line":52,"column":3}},"line":49},"4":{"name":"(anonymous_4)","decl":{"start":{"line":54,"column":30},"end":{"line":54,"column":31}},"loc":{"start":{"line":54,"column":42},"end":{"line":66,"column":3}},"line":54},"5":{"name":"(anonymous_5)","decl":{"start":{"line":58,"column":44},"end":{"line":58,"column":45}},"loc":{"start":{"line":58,"column":49},"end":{"line":58,"column":77}},"line":58},"6":{"name":"(anonymous_6)","decl":{"start":{"line":68,"column":29},"end":{"line":68,"column":30}},"loc":{"start":{"line":68,"column":35},"end":{"line":71,"column":3}},"line":68},"7":{"name":"(anonymous_7)","decl":{"start":{"line":73,"column":21},"end":{"line":73,"column":22}},"loc":{"start":{"line":73,"column":45},"end":{"line":75,"column":3}},"line":73},"8":{"name":"(anonymous_8)","decl":{"start":{"line":77,"column":21},"end":{"line":77,"column":22}},"loc":{"start":{"line":77,"column":45},"end":{"line":82,"column":3}},"line":77},"9":{"name":"(anonymous_9)","decl":{"start":{"line":132,"column":28},"end":{"line":132,"column":29}},"loc":{"start":{"line":133,"column":12},"end":{"line":188,"column":19}},"line":133},"10":{"name":"(anonymous_10)","decl":{"start":{"line":151,"column":33},"end":{"line":151,"column":34}},"loc":{"start":{"line":151,"column":39},"end":{"line":151,"column":73}},"line":151}},"branchMap":{"0":{"loc":{"start":{"line":55,"column":4},"end":{"line":65,"column":5}},"type":"if","locations":[{"start":{"line":55,"column":4},"end":{"line":65,"column":5}},{"start":{},"end":{}}],"line":55},"1":{"loc":{"start":{"line":84,"column":2},"end":{"line":90,"column":3}},"type":"if","locations":[{"start":{"line":84,"column":2},"end":{"line":90,"column":3}},{"start":{},"end":{}}],"line":84},"2":{"loc":{"start":{"line":108,"column":7},"end":{"line":112,"column":7}},"type":"binary-expr","locations":[{"start":{"line":108,"column":7},"end":{"line":108,"column":12}},{"start":{"line":109,"column":8},"end":{"line":111,"column":16}}],"line":108},"3":{"loc":{"start":{"line":114,"column":7},"end":{"line":191,"column":7}},"type":"cond-expr","locations":[{"start":{"line":115,"column":8},"end":{"line":129,"column":15}},{"start":{"line":131,"column":8},"end":{"line":190,"column":15}}],"line":114},"4":{"loc":{"start":{"line":181,"column":19},"end":{"line":185,"column":19}},"type":"binary-expr","locations":[{"start":{"line":181,"column":19},"end":{"line":181,"column":38}},{"start":{"line":182,"column":20},"end":{"line":184,"column":33}}],"line":181}},"s":{"0":2,"1":6,"2":6,"3":6,"4":6,"5":6,"6":6,"7":3,"8":6,"9":3,"10":3,"11":3,"12":3,"13":3,"14":0,"15":0,"16":3,"17":6,"18":0,"19":0,"20":6,"21":0,"22":0,"23":0,"24":0,"25":0,"26":0,"27":0,"28":0,"29":0,"30":6,"31":0,"32":0,"33":6,"34":1,"35":6,"36":1,"37":6,"38":3,"39":3,"40":1,"41":0},"f":{"0":6,"1":3,"2":3,"3":0,"4":0,"5":0,"6":0,"7":1,"8":1,"9":1,"10":0},"b":{"0":[0,0],"1":[3,3],"2":[3,0],"3":[2,1],"4":[1,1]},"_coverageSchema":"1a1c01bbd47fc00a2c39e90264f33305004495a9","hash":"52765c8062c322975400d57712fea62b48b2337d"}
}
