TN:
SF:src\App.tsx
FN:252,App
FNF:1
FNH:1
FNDA:1,App
DA:10,1
DA:253,1
LF:2
LH:2
BRF:0
BRH:0
end_of_record
TN:
SF:src\api\reservationService.ts
FN:5,getApiUrl
FN:32,(anonymous_1)
FN:36,(anonymous_2)
FN:44,(anonymous_3)
FN:48,(anonymous_4)
FN:61,(anonymous_5)
FN:66,(anonymous_6)
FN:71,(anonymous_7)
FN:76,(anonymous_8)
FN:81,(anonymous_9)
FNF:10
FNH:3
FNDA:1,getApiUrl
FNDA:0,(anonymous_1)
FNDA:0,(anonymous_2)
FNDA:0,(anonymous_3)
FNDA:0,(anonymous_4)
FNDA:1,(anonymous_5)
FNDA:0,(anonymous_6)
FNDA:1,(anonymous_7)
FNDA:0,(anonymous_8)
FNDA:0,(anonymous_9)
DA:7,1
DA:8,1
DA:12,0
DA:13,0
DA:14,0
DA:17,0
DA:20,1
DA:23,1
DA:31,1
DA:33,0
DA:34,0
DA:37,0
DA:38,0
DA:43,1
DA:45,0
DA:46,0
DA:49,0
DA:50,0
DA:51,0
DA:52,0
DA:53,0
DA:54,0
DA:55,0
DA:57,0
DA:61,1
DA:62,1
DA:63,1
DA:66,1
DA:67,0
DA:68,0
DA:71,1
DA:72,1
DA:73,1
DA:76,1
DA:77,0
DA:78,0
DA:81,1
DA:82,0
LF:38
LH:15
BRDA:7,0,0,1
BRDA:7,0,1,0
BRDA:7,1,0,1
BRDA:7,1,1,1
BRDA:8,2,0,1
BRDA:8,2,1,0
BRDA:13,3,0,0
BRDA:13,3,1,0
BRDA:49,4,0,0
BRDA:49,4,1,0
BRDA:50,5,0,0
BRDA:50,5,1,0
BRDA:52,6,0,0
BRDA:52,6,1,0
BRDA:54,7,0,0
BRDA:54,7,1,0
BRDA:54,8,0,0
BRDA:54,8,1,0
BRF:18
BRH:4
end_of_record
TN:
SF:src\components\HomePage.tsx
FN:24,(anonymous_0)
FNF:1
FNH:1
FNDA:5,(anonymous_0)
DA:24,2
DA:25,5
LF:2
LH:2
BRF:0
BRH:0
end_of_record
TN:
SF:src\components\Layout.tsx
FN:21,HideOnScroll
FN:32,(anonymous_1)
FNF:2
FNH:2
FNDA:3,HideOnScroll
FNDA:3,(anonymous_1)
DA:22,3
DA:23,3
DA:25,3
DA:32,2
DA:33,3
LF:5
LH:5
BRF:0
BRH:0
end_of_record
TN:
SF:src\components\ReservationForm.tsx
FN:22,(anonymous_0)
FN:40,(anonymous_1)
FN:60,(anonymous_2)
FN:62,(anonymous_3)
FN:76,(anonymous_4)
FN:78,(anonymous_5)
FN:82,(anonymous_6)
FN:86,(anonymous_7)
FN:106,(anonymous_8)
FN:122,(anonymous_9)
FN:335,(anonymous_10)
FN:383,(anonymous_11)
FN:389,(anonymous_12)
FN:399,(anonymous_13)
FN:405,(anonymous_14)
FNF:15
FNH:2
FNDA:3,(anonymous_0)
FNDA:0,(anonymous_1)
FNDA:3,(anonymous_2)
FNDA:0,(anonymous_3)
FNDA:0,(anonymous_4)
FNDA:0,(anonymous_5)
FNDA:0,(anonymous_6)
FNDA:0,(anonymous_7)
FNDA:0,(anonymous_8)
FNDA:0,(anonymous_9)
FNDA:0,(anonymous_10)
FNDA:0,(anonymous_11)
FNDA:0,(anonymous_12)
FNDA:0,(anonymous_13)
FNDA:0,(anonymous_14)
DA:22,2
DA:23,3
DA:24,3
DA:25,3
DA:26,3
DA:35,3
DA:36,3
DA:37,3
DA:38,3
DA:40,3
DA:41,0
DA:43,0
DA:44,0
DA:45,0
DA:46,0
DA:47,0
DA:49,0
DA:50,0
DA:51,0
DA:52,0
DA:54,0
DA:56,0
DA:57,0
DA:60,3
DA:61,3
DA:62,0
DA:63,0
DA:64,0
DA:65,0
DA:66,0
DA:67,0
DA:69,0
DA:70,0
DA:73,0
DA:76,3
DA:77,0
DA:78,0
DA:81,0
DA:82,0
DA:86,3
DA:87,0
DA:89,0
DA:90,0
DA:93,0
DA:94,0
DA:96,0
DA:97,0
DA:98,0
DA:99,0
DA:101,0
DA:102,0
DA:106,0
DA:107,0
DA:110,0
DA:112,0
DA:115,3
DA:122,0
DA:335,0
DA:383,0
DA:389,0
DA:399,0
DA:405,0
LF:62
LH:15
BRDA:43,0,0,0
BRDA:43,0,1,0
BRDA:44,1,0,0
BRDA:44,1,1,0
BRDA:45,2,0,0
BRDA:45,2,1,0
BRDA:46,3,0,0
BRDA:46,3,1,0
BRDA:47,4,0,0
BRDA:47,4,1,0
BRDA:52,5,0,0
BRDA:52,5,1,0
BRDA:54,6,0,0
BRDA:54,6,1,0
BRDA:61,7,0,0
BRDA:61,7,1,3
BRDA:81,8,0,0
BRDA:81,8,1,0
BRDA:89,9,0,0
BRDA:89,9,1,0
BRDA:97,10,0,0
BRDA:97,10,1,0
BRDA:110,11,0,0
BRDA:110,11,1,0
BRDA:144,12,0,0
BRDA:144,12,1,3
BRDA:146,13,0,0
BRDA:146,13,1,3
BRDA:354,14,0,0
BRDA:354,14,1,3
BRDA:369,15,0,0
BRDA:369,15,1,3
BRF:32
BRH:5
end_of_record
TN:
SF:src\components\ReservationsList.tsx
FN:24,(anonymous_0)
FN:31,(anonymous_1)
FN:35,(anonymous_2)
FN:49,(anonymous_3)
FN:54,(anonymous_4)
FN:58,(anonymous_5)
FN:68,(anonymous_6)
FN:73,(anonymous_7)
FN:77,(anonymous_8)
FN:132,(anonymous_9)
FN:151,(anonymous_10)
FNF:11
FNH:6
FNDA:6,(anonymous_0)
FNDA:3,(anonymous_1)
FNDA:3,(anonymous_2)
FNDA:0,(anonymous_3)
FNDA:0,(anonymous_4)
FNDA:0,(anonymous_5)
FNDA:0,(anonymous_6)
FNDA:1,(anonymous_7)
FNDA:1,(anonymous_8)
FNDA:1,(anonymous_9)
FNDA:0,(anonymous_10)
DA:24,2
DA:25,6
DA:26,6
DA:27,6
DA:28,6
DA:29,6
DA:31,6
DA:32,3
DA:35,6
DA:36,3
DA:37,3
DA:38,3
DA:39,3
DA:40,3
DA:42,0
DA:43,0
DA:45,3
DA:49,6
DA:50,0
DA:51,0
DA:54,6
DA:55,0
DA:56,0
DA:57,0
DA:58,0
DA:59,0
DA:60,0
DA:62,0
DA:63,0
DA:68,6
DA:69,0
DA:70,0
DA:73,6
DA:74,1
DA:77,6
DA:78,1
DA:84,6
DA:85,3
DA:92,3
DA:133,1
DA:151,0
LF:41
LH:26
BRDA:55,0,0,0
BRDA:55,0,1,0
BRDA:84,1,0,3
BRDA:84,1,1,3
BRDA:108,2,0,3
BRDA:108,2,1,0
BRDA:114,3,0,2
BRDA:114,3,1,1
BRDA:181,4,0,1
BRDA:181,4,1,1
BRF:10
BRH:7
end_of_record
